2025-08-27 21:29:26,338 - WARNING - ⚠️ pdf2docx库未安装，正在自动安装...
2025-08-27 21:29:56,675 - INFO - ✅ pdf2docx库安装成功
2025-08-27 21:31:13,929 - INFO - 🔄 开始转换: 黄冈军训服菁英.pdf
2025-08-27 21:31:13,987 - INFO - Start to convert C:\Users\Sunny\Desktop\黄冈军训服菁英.pdf
2025-08-27 21:31:13,987 - INFO - [1;36m[1/4] Opening document...[0m
2025-08-27 21:31:13,988 - INFO - [1;36m[2/4] Analyzing document...[0m
2025-08-27 21:31:54,949 - INFO - [1;36m[3/4] Parsing pages...[0m
2025-08-27 21:31:54,949 - INFO - (1/314) Page 1
2025-08-27 21:31:54,958 - INFO - (2/314) Page 2
2025-08-27 21:31:54,985 - INFO - (3/314) Page 3
2025-08-27 21:31:54,998 - INFO - (4/314) Page 4
2025-08-27 21:31:55,011 - INFO - (5/314) Page 5
2025-08-27 21:31:55,012 - INFO - (6/314) Page 6
2025-08-27 21:31:55,034 - INFO - (7/314) Page 7
2025-08-27 21:31:55,049 - INFO - (8/314) Page 8
2025-08-27 21:31:55,053 - INFO - (9/314) Page 9
2025-08-27 21:31:55,068 - INFO - (10/314) Page 10
2025-08-27 21:31:55,088 - INFO - (11/314) Page 11
2025-08-27 21:31:55,090 - INFO - (12/314) Page 12
2025-08-27 21:31:55,105 - INFO - (13/314) Page 13
2025-08-27 21:31:55,112 - INFO - (14/314) Page 14
2025-08-27 21:31:55,114 - INFO - (15/314) Page 15
2025-08-27 21:31:55,125 - INFO - (16/314) Page 16
2025-08-27 21:31:55,167 - INFO - (17/314) Page 17
2025-08-27 21:31:55,229 - INFO - (18/314) Page 18
2025-08-27 21:31:55,233 - INFO - (19/314) Page 19
2025-08-27 21:31:55,242 - INFO - (20/314) Page 20
2025-08-27 21:31:55,243 - INFO - (21/314) Page 21
2025-08-27 21:31:55,252 - INFO - (22/314) Page 22
2025-08-27 21:31:55,253 - INFO - (23/314) Page 23
2025-08-27 21:31:55,253 - INFO - (24/314) Page 24
2025-08-27 21:31:55,254 - INFO - (25/314) Page 25
2025-08-27 21:31:55,254 - INFO - (26/314) Page 26
2025-08-27 21:31:55,254 - INFO - (27/314) Page 27
2025-08-27 21:31:55,255 - INFO - (28/314) Page 28
2025-08-27 21:31:55,255 - INFO - (29/314) Page 29
2025-08-27 21:31:55,256 - INFO - (30/314) Page 30
2025-08-27 21:31:55,256 - INFO - (31/314) Page 31
2025-08-27 21:31:55,256 - INFO - (32/314) Page 32
2025-08-27 21:31:55,257 - INFO - (33/314) Page 33
2025-08-27 21:31:55,257 - INFO - (34/314) Page 34
2025-08-27 21:31:55,257 - INFO - (35/314) Page 35
2025-08-27 21:31:55,258 - INFO - (36/314) Page 36
2025-08-27 21:31:55,258 - INFO - (37/314) Page 37
2025-08-27 21:31:55,258 - INFO - (38/314) Page 38
2025-08-27 21:31:55,259 - INFO - (39/314) Page 39
2025-08-27 21:31:55,259 - INFO - (40/314) Page 40
2025-08-27 21:31:55,259 - INFO - (41/314) Page 41
2025-08-27 21:31:55,260 - INFO - (42/314) Page 42
2025-08-27 21:31:55,260 - INFO - (43/314) Page 43
2025-08-27 21:31:55,261 - INFO - (44/314) Page 44
2025-08-27 21:31:55,261 - INFO - (45/314) Page 45
2025-08-27 21:31:55,269 - INFO - (46/314) Page 46
2025-08-27 21:31:55,345 - INFO - (47/314) Page 47
2025-08-27 21:31:55,435 - INFO - (48/314) Page 48
2025-08-27 21:31:55,533 - INFO - (49/314) Page 49
2025-08-27 21:31:55,629 - INFO - (50/314) Page 50
2025-08-27 21:31:55,736 - INFO - (51/314) Page 51
2025-08-27 21:31:55,835 - INFO - (52/314) Page 52
2025-08-27 21:31:55,933 - INFO - (53/314) Page 53
2025-08-27 21:31:56,037 - INFO - (54/314) Page 54
2025-08-27 21:31:56,146 - INFO - (55/314) Page 55
2025-08-27 21:31:56,166 - INFO - (56/314) Page 56
2025-08-27 21:31:56,167 - INFO - (57/314) Page 57
2025-08-27 21:31:56,167 - INFO - (58/314) Page 58
2025-08-27 21:31:56,168 - INFO - (59/314) Page 59
2025-08-27 21:31:56,169 - INFO - (60/314) Page 60
2025-08-27 21:31:56,169 - INFO - (61/314) Page 61
2025-08-27 21:31:56,170 - INFO - (62/314) Page 62
2025-08-27 21:31:56,170 - INFO - (63/314) Page 63
2025-08-27 21:31:56,171 - INFO - (64/314) Page 64
2025-08-27 21:31:56,172 - INFO - (65/314) Page 65
2025-08-27 21:31:56,172 - INFO - (66/314) Page 66
2025-08-27 21:31:56,173 - INFO - (67/314) Page 67
2025-08-27 21:31:56,181 - INFO - (68/314) Page 68
2025-08-27 21:31:56,189 - INFO - (69/314) Page 69
2025-08-27 21:31:56,198 - INFO - (70/314) Page 70
2025-08-27 21:31:56,205 - INFO - (71/314) Page 71
2025-08-27 21:31:56,206 - INFO - (72/314) Page 72
2025-08-27 21:31:56,207 - INFO - (73/314) Page 73
2025-08-27 21:31:56,207 - INFO - (74/314) Page 74
2025-08-27 21:31:56,369 - INFO - (75/314) Page 75
2025-08-27 21:31:56,370 - INFO - (76/314) Page 76
2025-08-27 21:31:56,370 - INFO - (77/314) Page 77
2025-08-27 21:31:56,371 - INFO - (78/314) Page 78
2025-08-27 21:31:56,371 - INFO - (79/314) Page 79
2025-08-27 21:31:56,372 - INFO - (80/314) Page 80
2025-08-27 21:31:56,372 - INFO - (81/314) Page 81
2025-08-27 21:31:56,373 - INFO - (82/314) Page 82
2025-08-27 21:31:56,373 - INFO - (83/314) Page 83
2025-08-27 21:31:56,374 - INFO - (84/314) Page 84
2025-08-27 21:31:56,382 - INFO - (85/314) Page 85
2025-08-27 21:31:56,382 - INFO - (86/314) Page 86
2025-08-27 21:31:56,383 - INFO - (87/314) Page 87
2025-08-27 21:31:56,383 - INFO - (88/314) Page 88
2025-08-27 21:31:56,391 - INFO - (89/314) Page 89
2025-08-27 21:31:56,399 - INFO - (90/314) Page 90
2025-08-27 21:31:56,421 - INFO - (91/314) Page 91
2025-08-27 21:31:56,435 - INFO - (92/314) Page 92
2025-08-27 21:31:56,441 - INFO - (93/314) Page 93
2025-08-27 21:31:56,462 - INFO - (94/314) Page 94
2025-08-27 21:31:56,475 - INFO - (95/314) Page 95
2025-08-27 21:31:56,480 - INFO - (96/314) Page 96
2025-08-27 21:31:56,481 - INFO - (97/314) Page 97
2025-08-27 21:31:56,481 - INFO - (98/314) Page 98
2025-08-27 21:31:56,482 - INFO - (99/314) Page 99
2025-08-27 21:31:56,482 - INFO - (100/314) Page 100
2025-08-27 21:31:56,483 - INFO - (101/314) Page 101
2025-08-27 21:31:56,483 - INFO - (102/314) Page 102
2025-08-27 21:31:56,483 - INFO - (103/314) Page 103
2025-08-27 21:31:56,484 - INFO - (104/314) Page 104
2025-08-27 21:31:56,484 - INFO - (105/314) Page 105
2025-08-27 21:31:56,484 - INFO - (106/314) Page 106
2025-08-27 21:31:56,528 - INFO - (107/314) Page 107
2025-08-27 21:31:56,530 - INFO - (108/314) Page 108
2025-08-27 21:31:56,531 - INFO - (109/314) Page 109
2025-08-27 21:31:56,531 - INFO - (110/314) Page 110
2025-08-27 21:31:56,541 - INFO - (111/314) Page 111
2025-08-27 21:31:56,599 - INFO - (112/314) Page 112
2025-08-27 21:31:56,599 - INFO - (113/314) Page 113
2025-08-27 21:31:56,600 - INFO - (114/314) Page 114
2025-08-27 21:31:56,600 - INFO - (115/314) Page 115
2025-08-27 21:31:56,601 - INFO - (116/314) Page 116
2025-08-27 21:31:56,601 - INFO - (117/314) Page 117
2025-08-27 21:31:56,601 - INFO - (118/314) Page 118
2025-08-27 21:31:56,602 - INFO - (119/314) Page 119
2025-08-27 21:31:56,602 - INFO - (120/314) Page 120
2025-08-27 21:31:56,603 - INFO - (121/314) Page 121
2025-08-27 21:31:56,603 - INFO - (122/314) Page 122
2025-08-27 21:31:56,603 - INFO - (123/314) Page 123
2025-08-27 21:31:56,604 - INFO - (124/314) Page 124
2025-08-27 21:31:56,604 - INFO - (125/314) Page 125
2025-08-27 21:31:56,604 - INFO - (126/314) Page 126
2025-08-27 21:31:56,605 - INFO - (127/314) Page 127
2025-08-27 21:31:56,605 - INFO - (128/314) Page 128
2025-08-27 21:31:56,606 - INFO - (129/314) Page 129
2025-08-27 21:31:56,606 - INFO - (130/314) Page 130
2025-08-27 21:31:56,607 - INFO - (131/314) Page 131
2025-08-27 21:31:56,607 - INFO - (132/314) Page 132
2025-08-27 21:31:56,607 - INFO - (133/314) Page 133
2025-08-27 21:31:56,608 - INFO - (134/314) Page 134
2025-08-27 21:31:56,609 - INFO - (135/314) Page 135
2025-08-27 21:31:56,609 - INFO - (136/314) Page 136
2025-08-27 21:31:56,610 - INFO - (137/314) Page 137
2025-08-27 21:31:56,630 - INFO - (138/314) Page 138
2025-08-27 21:31:56,652 - INFO - (139/314) Page 139
2025-08-27 21:31:56,679 - INFO - (140/314) Page 140
2025-08-27 21:31:56,699 - INFO - (141/314) Page 141
2025-08-27 21:31:56,749 - INFO - (142/314) Page 142
2025-08-27 21:31:56,766 - INFO - (143/314) Page 143
2025-08-27 21:31:56,782 - INFO - (144/314) Page 144
2025-08-27 21:31:56,804 - INFO - (145/314) Page 145
2025-08-27 21:31:56,826 - INFO - (146/314) Page 146
2025-08-27 21:31:56,843 - INFO - (147/314) Page 147
2025-08-27 21:31:56,890 - INFO - (148/314) Page 148
2025-08-27 21:31:56,899 - INFO - (149/314) Page 149
2025-08-27 21:31:56,911 - INFO - (150/314) Page 150
2025-08-27 21:31:56,919 - INFO - (151/314) Page 151
2025-08-27 21:31:56,929 - INFO - (152/314) Page 152
2025-08-27 21:31:56,938 - INFO - (153/314) Page 153
2025-08-27 21:31:56,946 - INFO - (154/314) Page 154
2025-08-27 21:31:56,957 - INFO - (155/314) Page 155
2025-08-27 21:31:56,968 - INFO - (156/314) Page 156
2025-08-27 21:31:56,987 - INFO - (157/314) Page 157
2025-08-27 21:31:57,007 - INFO - (158/314) Page 158
2025-08-27 21:31:57,022 - INFO - (159/314) Page 159
2025-08-27 21:31:57,043 - INFO - (160/314) Page 160
2025-08-27 21:31:57,059 - INFO - (161/314) Page 161
2025-08-27 21:31:57,076 - INFO - (162/314) Page 162
2025-08-27 21:31:57,093 - INFO - (163/314) Page 163
2025-08-27 21:31:57,110 - INFO - (164/314) Page 164
2025-08-27 21:31:57,127 - INFO - (165/314) Page 165
2025-08-27 21:31:57,136 - INFO - (166/314) Page 166
2025-08-27 21:31:57,146 - INFO - (167/314) Page 167
2025-08-27 21:31:57,151 - INFO - (168/314) Page 168
2025-08-27 21:31:57,168 - INFO - (169/314) Page 169
2025-08-27 21:31:57,173 - INFO - (170/314) Page 170
2025-08-27 21:31:57,174 - INFO - (171/314) Page 171
2025-08-27 21:31:57,175 - INFO - (172/314) Page 172
2025-08-27 21:31:57,175 - INFO - (173/314) Page 173
2025-08-27 21:31:57,179 - INFO - (174/314) Page 174
2025-08-27 21:31:57,185 - INFO - (175/314) Page 175
2025-08-27 21:31:57,188 - INFO - (176/314) Page 176
2025-08-27 21:31:57,192 - INFO - (177/314) Page 177
2025-08-27 21:31:57,196 - INFO - (178/314) Page 178
2025-08-27 21:31:57,204 - INFO - (179/314) Page 179
2025-08-27 21:31:57,208 - INFO - (180/314) Page 180
2025-08-27 21:31:57,216 - INFO - (181/314) Page 181
2025-08-27 21:31:57,218 - INFO - (182/314) Page 182
2025-08-27 21:31:57,222 - INFO - (183/314) Page 183
2025-08-27 21:31:57,236 - INFO - (184/314) Page 184
2025-08-27 21:31:57,256 - INFO - (185/314) Page 185
2025-08-27 21:31:57,264 - INFO - (186/314) Page 186
2025-08-27 21:31:57,268 - INFO - (187/314) Page 187
2025-08-27 21:31:57,274 - INFO - (188/314) Page 188
2025-08-27 21:31:57,278 - INFO - (189/314) Page 189
2025-08-27 21:31:57,291 - INFO - (190/314) Page 190
2025-08-27 21:31:57,331 - INFO - (191/314) Page 191
2025-08-27 21:31:57,392 - INFO - (192/314) Page 192
2025-08-27 21:31:57,431 - INFO - (193/314) Page 193
2025-08-27 21:31:57,433 - INFO - (194/314) Page 194
2025-08-27 21:31:57,440 - INFO - (195/314) Page 195
2025-08-27 21:31:57,446 - INFO - (196/314) Page 196
2025-08-27 21:31:57,449 - INFO - (197/314) Page 197
2025-08-27 21:31:57,578 - INFO - (198/314) Page 198
2025-08-27 21:31:57,581 - INFO - (199/314) Page 199
2025-08-27 21:31:57,583 - INFO - (200/314) Page 200
2025-08-27 21:31:57,586 - INFO - (201/314) Page 201
2025-08-27 21:31:57,590 - INFO - (202/314) Page 202
2025-08-27 21:31:57,591 - INFO - (203/314) Page 203
2025-08-27 21:31:57,597 - INFO - (204/314) Page 204
2025-08-27 21:31:57,603 - INFO - (205/314) Page 205
2025-08-27 21:31:57,609 - INFO - (206/314) Page 206
2025-08-27 21:31:57,893 - INFO - (207/314) Page 207
2025-08-27 21:31:57,894 - INFO - (208/314) Page 208
2025-08-27 21:31:57,896 - INFO - (209/314) Page 209
2025-08-27 21:31:57,898 - INFO - (210/314) Page 210
2025-08-27 21:31:57,899 - INFO - (211/314) Page 211
2025-08-27 21:31:57,906 - INFO - (212/314) Page 212
2025-08-27 21:31:57,914 - INFO - (213/314) Page 213
2025-08-27 21:31:57,915 - INFO - (214/314) Page 214
2025-08-27 21:31:57,942 - INFO - (215/314) Page 215
2025-08-27 21:31:57,948 - INFO - (216/314) Page 216
2025-08-27 21:31:57,955 - INFO - (217/314) Page 217
2025-08-27 21:31:57,964 - INFO - (218/314) Page 218
2025-08-27 21:31:57,965 - INFO - (219/314) Page 219
2025-08-27 21:31:57,978 - INFO - (220/314) Page 220
2025-08-27 21:31:57,989 - INFO - (221/314) Page 221
2025-08-27 21:31:57,997 - INFO - (222/314) Page 222
2025-08-27 21:31:58,005 - INFO - (223/314) Page 223
2025-08-27 21:31:58,013 - INFO - (224/314) Page 224
2025-08-27 21:31:58,021 - INFO - (225/314) Page 225
2025-08-27 21:31:58,028 - INFO - (226/314) Page 226
2025-08-27 21:31:58,035 - INFO - (227/314) Page 227
2025-08-27 21:31:58,042 - INFO - (228/314) Page 228
2025-08-27 21:31:58,049 - INFO - (229/314) Page 229
2025-08-27 21:31:58,056 - INFO - (230/314) Page 230
2025-08-27 21:31:58,063 - INFO - (231/314) Page 231
2025-08-27 21:31:58,070 - INFO - (232/314) Page 232
2025-08-27 21:31:58,103 - INFO - (233/314) Page 233
2025-08-27 21:31:58,104 - INFO - (234/314) Page 234
2025-08-27 21:31:58,104 - INFO - (235/314) Page 235
2025-08-27 21:31:58,105 - INFO - (236/314) Page 236
2025-08-27 21:31:58,110 - INFO - (237/314) Page 237
2025-08-27 21:31:58,117 - INFO - (238/314) Page 238
2025-08-27 21:31:58,123 - INFO - (239/314) Page 239
2025-08-27 21:31:58,131 - INFO - (240/314) Page 240
2025-08-27 21:31:58,139 - INFO - (241/314) Page 241
2025-08-27 21:31:58,145 - INFO - (242/314) Page 242
2025-08-27 21:31:58,151 - INFO - (243/314) Page 243
2025-08-27 21:31:58,157 - INFO - (244/314) Page 244
2025-08-27 21:31:58,164 - INFO - (245/314) Page 245
2025-08-27 21:31:58,170 - INFO - (246/314) Page 246
2025-08-27 21:31:58,175 - INFO - (247/314) Page 247
2025-08-27 21:31:58,184 - INFO - (248/314) Page 248
2025-08-27 21:31:58,193 - INFO - (249/314) Page 249
2025-08-27 21:31:58,195 - INFO - (250/314) Page 250
2025-08-27 21:31:58,205 - INFO - (251/314) Page 251
2025-08-27 21:31:58,213 - INFO - (252/314) Page 252
2025-08-27 21:31:58,222 - INFO - (253/314) Page 253
2025-08-27 21:31:58,226 - INFO - (254/314) Page 254
2025-08-27 21:31:58,228 - INFO - (255/314) Page 255
2025-08-27 21:31:58,236 - INFO - (256/314) Page 256
2025-08-27 21:31:58,243 - INFO - (257/314) Page 257
2025-08-27 21:31:58,252 - INFO - (258/314) Page 258
2025-08-27 21:31:58,258 - INFO - (259/314) Page 259
2025-08-27 21:31:58,264 - INFO - (260/314) Page 260
2025-08-27 21:31:58,271 - INFO - (261/314) Page 261
2025-08-27 21:31:58,339 - INFO - (262/314) Page 262
2025-08-27 21:31:58,343 - INFO - (263/314) Page 263
2025-08-27 21:31:58,345 - INFO - (264/314) Page 264
2025-08-27 21:31:58,369 - INFO - (265/314) Page 265
2025-08-27 21:31:58,370 - INFO - (266/314) Page 266
2025-08-27 21:31:58,370 - INFO - (267/314) Page 267
2025-08-27 21:31:58,371 - INFO - (268/314) Page 268
2025-08-27 21:31:58,371 - INFO - (269/314) Page 269
2025-08-27 21:31:58,371 - INFO - (270/314) Page 270
2025-08-27 21:31:58,372 - INFO - (271/314) Page 271
2025-08-27 21:31:58,372 - INFO - (272/314) Page 272
2025-08-27 21:31:58,373 - INFO - (273/314) Page 273
2025-08-27 21:31:58,373 - INFO - (274/314) Page 274
2025-08-27 21:31:58,373 - INFO - (275/314) Page 275
2025-08-27 21:31:58,374 - INFO - (276/314) Page 276
2025-08-27 21:31:58,374 - INFO - (277/314) Page 277
2025-08-27 21:31:58,374 - INFO - (278/314) Page 278
2025-08-27 21:31:58,375 - INFO - (279/314) Page 279
2025-08-27 21:31:58,375 - INFO - (280/314) Page 280
2025-08-27 21:31:58,376 - INFO - (281/314) Page 281
2025-08-27 21:31:58,376 - INFO - (282/314) Page 282
2025-08-27 21:31:58,376 - INFO - (283/314) Page 283
2025-08-27 21:31:58,377 - INFO - (284/314) Page 284
2025-08-27 21:31:58,377 - INFO - (285/314) Page 285
2025-08-27 21:31:58,378 - INFO - (286/314) Page 286
2025-08-27 21:31:58,378 - INFO - (287/314) Page 287
2025-08-27 21:31:58,379 - INFO - (288/314) Page 288
2025-08-27 21:31:58,379 - INFO - (289/314) Page 289
2025-08-27 21:31:58,380 - INFO - (290/314) Page 290
2025-08-27 21:31:58,399 - INFO - (291/314) Page 291
2025-08-27 21:31:58,411 - INFO - (292/314) Page 292
2025-08-27 21:31:58,424 - INFO - (293/314) Page 293
2025-08-27 21:31:58,431 - INFO - (294/314) Page 294
2025-08-27 21:31:58,437 - INFO - (295/314) Page 295
2025-08-27 21:31:58,455 - INFO - (296/314) Page 296
2025-08-27 21:31:58,459 - INFO - (297/314) Page 297
2025-08-27 21:31:58,516 - INFO - (298/314) Page 298
2025-08-27 21:31:58,560 - INFO - (299/314) Page 299
2025-08-27 21:31:58,563 - INFO - (300/314) Page 300
2025-08-27 21:31:58,564 - INFO - (301/314) Page 301
2025-08-27 21:31:58,565 - INFO - (302/314) Page 302
2025-08-27 21:31:58,573 - INFO - (303/314) Page 303
2025-08-27 21:31:58,574 - INFO - (304/314) Page 304
2025-08-27 21:31:58,584 - INFO - (305/314) Page 305
2025-08-27 21:31:58,593 - INFO - (306/314) Page 306
2025-08-27 21:31:58,601 - INFO - (307/314) Page 307
2025-08-27 21:31:58,609 - INFO - (308/314) Page 308
2025-08-27 21:31:58,618 - INFO - (309/314) Page 309
2025-08-27 21:31:58,628 - INFO - (310/314) Page 310
2025-08-27 21:31:58,638 - INFO - (311/314) Page 311
2025-08-27 21:31:58,649 - INFO - (312/314) Page 312
2025-08-27 21:31:58,658 - INFO - (313/314) Page 313
2025-08-27 21:31:58,659 - INFO - (314/314) Page 314
2025-08-27 21:31:58,660 - INFO - [1;36m[4/4] Creating pages...[0m
2025-08-27 21:31:58,669 - INFO - (1/314) Page 1
2025-08-27 21:31:58,680 - INFO - (2/314) Page 2
2025-08-27 21:31:58,693 - INFO - (3/314) Page 3
2025-08-27 21:31:58,705 - INFO - (4/314) Page 4
2025-08-27 21:31:58,717 - INFO - (5/314) Page 5
2025-08-27 21:31:58,722 - INFO - (6/314) Page 6
2025-08-27 21:31:58,745 - INFO - (7/314) Page 7
2025-08-27 21:31:58,764 - INFO - (8/314) Page 8
2025-08-27 21:31:58,770 - INFO - (9/314) Page 9
2025-08-27 21:31:58,789 - INFO - (10/314) Page 10
2025-08-27 21:31:58,812 - INFO - (11/314) Page 11
2025-08-27 21:31:58,820 - INFO - (12/314) Page 12
2025-08-27 21:31:58,851 - INFO - (13/314) Page 13
2025-08-27 21:31:58,892 - INFO - (14/314) Page 14
2025-08-27 21:31:58,899 - INFO - (15/314) Page 15
2025-08-27 21:31:58,921 - INFO - (16/314) Page 16
2025-08-27 21:31:59,040 - INFO - (17/314) Page 17
2025-08-27 21:31:59,980 - INFO - (18/314) Page 18
2025-08-27 21:31:59,990 - INFO - (19/314) Page 19
2025-08-27 21:32:00,002 - INFO - (20/314) Page 20
2025-08-27 21:32:00,011 - INFO - (21/314) Page 21
2025-08-27 21:32:00,020 - INFO - (22/314) Page 22
2025-08-27 21:32:00,026 - INFO - (23/314) Page 23
2025-08-27 21:32:00,031 - INFO - (24/314) Page 24
2025-08-27 21:32:00,037 - INFO - (25/314) Page 25
2025-08-27 21:32:00,043 - INFO - (26/314) Page 26
2025-08-27 21:32:00,051 - INFO - (27/314) Page 27
2025-08-27 21:32:00,058 - INFO - (28/314) Page 28
2025-08-27 21:32:00,065 - INFO - (29/314) Page 29
2025-08-27 21:32:00,074 - INFO - (30/314) Page 30
2025-08-27 21:32:00,083 - INFO - (31/314) Page 31
2025-08-27 21:32:00,092 - INFO - (32/314) Page 32
2025-08-27 21:32:00,103 - INFO - (33/314) Page 33
2025-08-27 21:32:00,114 - INFO - (34/314) Page 34
2025-08-27 21:32:00,125 - INFO - (35/314) Page 35
2025-08-27 21:32:00,137 - INFO - (36/314) Page 36
2025-08-27 21:32:00,149 - INFO - (37/314) Page 37
2025-08-27 21:32:00,162 - INFO - (38/314) Page 38
2025-08-27 21:32:00,175 - INFO - (39/314) Page 39
2025-08-27 21:32:00,189 - INFO - (40/314) Page 40
2025-08-27 21:32:00,203 - INFO - (41/314) Page 41
2025-08-27 21:32:00,218 - INFO - (42/314) Page 42
2025-08-27 21:32:00,234 - INFO - (43/314) Page 43
2025-08-27 21:32:00,252 - INFO - (44/314) Page 44
2025-08-27 21:32:00,271 - INFO - (45/314) Page 45
2025-08-27 21:32:00,281 - INFO - (46/314) Page 46
2025-08-27 21:32:00,555 - INFO - (47/314) Page 47
2025-08-27 21:32:00,877 - INFO - (48/314) Page 48
2025-08-27 21:32:01,222 - INFO - (49/314) Page 49
2025-08-27 21:32:01,569 - INFO - (50/314) Page 50
2025-08-27 21:32:01,924 - INFO - (51/314) Page 51
2025-08-27 21:32:02,274 - INFO - (52/314) Page 52
2025-08-27 21:32:02,630 - INFO - (53/314) Page 53
2025-08-27 21:32:02,983 - INFO - (54/314) Page 54
2025-08-27 21:32:03,336 - INFO - (55/314) Page 55
2025-08-27 21:32:03,430 - INFO - (56/314) Page 56
2025-08-27 21:32:03,496 - INFO - (57/314) Page 57
2025-08-27 21:32:03,543 - INFO - (58/314) Page 58
2025-08-27 21:32:03,594 - INFO - (59/314) Page 59
2025-08-27 21:32:03,645 - INFO - (60/314) Page 60
2025-08-27 21:32:03,695 - INFO - (61/314) Page 61
2025-08-27 21:32:03,747 - INFO - (62/314) Page 62
2025-08-27 21:32:03,803 - INFO - (63/314) Page 63
2025-08-27 21:32:03,865 - INFO - (64/314) Page 64
2025-08-27 21:32:03,926 - INFO - (65/314) Page 65
2025-08-27 21:32:03,959 - INFO - (66/314) Page 66
2025-08-27 21:32:04,024 - INFO - (67/314) Page 67
2025-08-27 21:32:04,301 - INFO - (68/314) Page 68
2025-08-27 21:32:04,585 - INFO - (69/314) Page 69
2025-08-27 21:32:04,875 - INFO - (70/314) Page 70
2025-08-27 21:32:05,098 - INFO - (71/314) Page 71
2025-08-27 21:32:05,178 - INFO - (72/314) Page 72
2025-08-27 21:32:05,251 - INFO - (73/314) Page 73
2025-08-27 21:32:05,326 - INFO - (74/314) Page 74
2025-08-27 21:32:05,820 - INFO - (75/314) Page 75
2025-08-27 21:32:05,898 - INFO - (76/314) Page 76
2025-08-27 21:32:05,975 - INFO - (77/314) Page 77
2025-08-27 21:32:06,055 - INFO - (78/314) Page 78
2025-08-27 21:32:06,136 - INFO - (79/314) Page 79
2025-08-27 21:32:06,218 - INFO - (80/314) Page 80
2025-08-27 21:32:06,301 - INFO - (81/314) Page 81
2025-08-27 21:32:06,386 - INFO - (82/314) Page 82
2025-08-27 21:32:06,473 - INFO - (83/314) Page 83
2025-08-27 21:32:06,562 - INFO - (84/314) Page 84
2025-08-27 21:32:06,571 - INFO - (85/314) Page 85
2025-08-27 21:32:06,617 - INFO - (86/314) Page 86
2025-08-27 21:32:06,664 - INFO - (87/314) Page 87
2025-08-27 21:32:06,710 - INFO - (88/314) Page 88
2025-08-27 21:32:06,719 - INFO - (89/314) Page 89
2025-08-27 21:32:06,727 - INFO - (90/314) Page 90
2025-08-27 21:32:06,749 - INFO - (91/314) Page 91
2025-08-27 21:32:06,768 - INFO - (92/314) Page 92
2025-08-27 21:32:06,776 - INFO - (93/314) Page 93
2025-08-27 21:32:06,798 - INFO - (94/314) Page 94
2025-08-27 21:32:06,818 - INFO - (95/314) Page 95
2025-08-27 21:32:06,826 - INFO - (96/314) Page 96
2025-08-27 21:32:06,875 - INFO - (97/314) Page 97
2025-08-27 21:32:06,923 - INFO - (98/314) Page 98
2025-08-27 21:32:06,971 - INFO - (99/314) Page 99
2025-08-27 21:32:07,021 - INFO - (100/314) Page 100
2025-08-27 21:32:07,071 - INFO - (101/314) Page 101
2025-08-27 21:32:07,121 - INFO - (102/314) Page 102
2025-08-27 21:32:07,171 - INFO - (103/314) Page 103
2025-08-27 21:32:07,222 - INFO - (104/314) Page 104
2025-08-27 21:32:07,273 - INFO - (105/314) Page 105
2025-08-27 21:32:07,325 - INFO - (106/314) Page 106
2025-08-27 21:32:07,350 - INFO - (107/314) Page 107
2025-08-27 21:32:07,357 - INFO - (108/314) Page 108
2025-08-27 21:32:07,410 - INFO - (109/314) Page 109
2025-08-27 21:32:07,414 - INFO - (110/314) Page 110
2025-08-27 21:32:07,424 - INFO - (111/314) Page 111
2025-08-27 21:32:07,557 - INFO - (112/314) Page 112
2025-08-27 21:32:07,611 - INFO - (113/314) Page 113
2025-08-27 21:32:07,665 - INFO - (114/314) Page 114
2025-08-27 21:32:07,718 - INFO - (115/314) Page 115
2025-08-27 21:32:07,773 - INFO - (116/314) Page 116
2025-08-27 21:32:07,828 - INFO - (117/314) Page 117
2025-08-27 21:32:07,883 - INFO - (118/314) Page 118
2025-08-27 21:32:07,946 - INFO - (119/314) Page 119
2025-08-27 21:32:08,002 - INFO - (120/314) Page 120
2025-08-27 21:32:08,059 - INFO - (121/314) Page 121
2025-08-27 21:32:08,116 - INFO - (122/314) Page 122
2025-08-27 21:32:08,173 - INFO - (123/314) Page 123
2025-08-27 21:32:08,231 - INFO - (124/314) Page 124
2025-08-27 21:32:08,289 - INFO - (125/314) Page 125
2025-08-27 21:32:08,346 - INFO - (126/314) Page 126
2025-08-27 21:32:08,404 - INFO - (127/314) Page 127
2025-08-27 21:32:08,464 - INFO - (128/314) Page 128
2025-08-27 21:32:08,524 - INFO - (129/314) Page 129
2025-08-27 21:32:08,584 - INFO - (130/314) Page 130
2025-08-27 21:32:08,644 - INFO - (131/314) Page 131
2025-08-27 21:32:08,705 - INFO - (132/314) Page 132
2025-08-27 21:32:08,767 - INFO - (133/314) Page 133
2025-08-27 21:32:08,832 - INFO - (134/314) Page 134
2025-08-27 21:32:08,896 - INFO - (135/314) Page 135
2025-08-27 21:32:08,960 - INFO - (136/314) Page 136
2025-08-27 21:32:09,025 - INFO - (137/314) Page 137
2025-08-27 21:32:09,059 - INFO - (138/314) Page 138
2025-08-27 21:32:09,100 - INFO - (139/314) Page 139
2025-08-27 21:32:09,148 - INFO - (140/314) Page 140
2025-08-27 21:32:09,181 - INFO - (141/314) Page 141
2025-08-27 21:32:09,300 - INFO - (142/314) Page 142
2025-08-27 21:32:09,325 - INFO - (143/314) Page 143
2025-08-27 21:32:09,349 - INFO - (144/314) Page 144
2025-08-27 21:32:09,389 - INFO - (145/314) Page 145
2025-08-27 21:32:09,428 - INFO - (146/314) Page 146
2025-08-27 21:32:09,451 - INFO - (147/314) Page 147
2025-08-27 21:32:09,541 - INFO - (148/314) Page 148
2025-08-27 21:32:09,556 - INFO - (149/314) Page 149
2025-08-27 21:32:09,570 - INFO - (150/314) Page 150
2025-08-27 21:32:09,579 - INFO - (151/314) Page 151
2025-08-27 21:32:09,592 - INFO - (152/314) Page 152
2025-08-27 21:32:09,602 - INFO - (153/314) Page 153
2025-08-27 21:32:09,612 - INFO - (154/314) Page 154
2025-08-27 21:32:09,625 - INFO - (155/314) Page 155
2025-08-27 21:32:09,635 - INFO - (156/314) Page 156
2025-08-27 21:32:09,669 - INFO - (157/314) Page 157
2025-08-27 21:32:09,699 - INFO - (158/314) Page 158
2025-08-27 21:32:09,720 - INFO - (159/314) Page 159
2025-08-27 21:32:09,750 - INFO - (160/314) Page 160
2025-08-27 21:32:09,773 - INFO - (161/314) Page 161
2025-08-27 21:32:09,801 - INFO - (162/314) Page 162
2025-08-27 21:32:09,823 - INFO - (163/314) Page 163
2025-08-27 21:32:09,846 - INFO - (164/314) Page 164
2025-08-27 21:32:09,869 - INFO - (165/314) Page 165
2025-08-27 21:32:09,888 - INFO - (166/314) Page 166
2025-08-27 21:32:09,905 - INFO - (167/314) Page 167
2025-08-27 21:32:09,991 - INFO - (168/314) Page 168
2025-08-27 21:32:10,152 - INFO - (169/314) Page 169
2025-08-27 21:32:10,168 - INFO - (170/314) Page 170
2025-08-27 21:32:10,240 - INFO - (171/314) Page 171
2025-08-27 21:32:10,375 - INFO - (172/314) Page 172
2025-08-27 21:32:10,510 - INFO - (173/314) Page 173
2025-08-27 21:32:10,588 - INFO - (174/314) Page 174
2025-08-27 21:32:10,602 - INFO - (175/314) Page 175
2025-08-27 21:32:10,694 - INFO - (176/314) Page 176
2025-08-27 21:32:10,772 - INFO - (177/314) Page 177
2025-08-27 21:32:10,853 - INFO - (178/314) Page 178
2025-08-27 21:32:10,871 - INFO - (179/314) Page 179
2025-08-27 21:32:10,952 - INFO - (180/314) Page 180
2025-08-27 21:32:10,968 - INFO - (181/314) Page 181
2025-08-27 21:32:11,113 - INFO - (182/314) Page 182
2025-08-27 21:32:11,193 - INFO - (183/314) Page 183
2025-08-27 21:32:11,229 - INFO - (184/314) Page 184
2025-08-27 21:32:11,357 - INFO - (185/314) Page 185
2025-08-27 21:32:11,373 - INFO - (186/314) Page 186
2025-08-27 21:32:11,455 - INFO - (187/314) Page 187
2025-08-27 21:32:11,469 - INFO - (188/314) Page 188
2025-08-27 21:32:11,552 - INFO - (189/314) Page 189
2025-08-27 21:32:11,612 - INFO - (190/314) Page 190
2025-08-27 21:32:11,716 - INFO - (191/314) Page 191
2025-08-27 21:32:11,905 - INFO - (192/314) Page 192
2025-08-27 21:32:12,016 - INFO - (193/314) Page 193
2025-08-27 21:32:12,457 - INFO - (194/314) Page 194
2025-08-27 21:32:12,470 - INFO - (195/314) Page 195
2025-08-27 21:32:12,485 - INFO - (196/314) Page 196
2025-08-27 21:32:12,567 - INFO - (197/314) Page 197
2025-08-27 21:32:13,390 - INFO - (198/314) Page 198
2025-08-27 21:32:13,471 - INFO - (199/314) Page 199
2025-08-27 21:32:13,621 - INFO - (200/314) Page 200
2025-08-27 21:32:13,704 - INFO - (201/314) Page 201
2025-08-27 21:32:13,807 - INFO - (202/314) Page 202
2025-08-27 21:32:13,958 - INFO - (203/314) Page 203
2025-08-27 21:32:14,048 - INFO - (204/314) Page 204
2025-08-27 21:32:14,065 - INFO - (205/314) Page 205
2025-08-27 21:32:14,081 - INFO - (206/314) Page 206
2025-08-27 21:32:15,019 - INFO - (207/314) Page 207
2025-08-27 21:32:15,632 - INFO - (208/314) Page 208
2025-08-27 21:32:16,166 - INFO - (209/314) Page 209
2025-08-27 21:32:16,791 - INFO - (210/314) Page 210
2025-08-27 21:32:17,425 - INFO - (211/314) Page 211
2025-08-27 21:32:17,450 - INFO - (212/314) Page 212
2025-08-27 21:32:17,462 - INFO - (213/314) Page 213
2025-08-27 21:32:17,469 - INFO - (214/314) Page 214
2025-08-27 21:32:17,563 - INFO - (215/314) Page 215
2025-08-27 21:32:17,579 - INFO - (216/314) Page 216
2025-08-27 21:32:17,593 - INFO - (217/314) Page 217
2025-08-27 21:32:17,611 - INFO - (218/314) Page 218
2025-08-27 21:32:17,701 - INFO - (219/314) Page 219
2025-08-27 21:32:17,726 - INFO - (220/314) Page 220
2025-08-27 21:32:17,746 - INFO - (221/314) Page 221
2025-08-27 21:32:17,762 - INFO - (222/314) Page 222
2025-08-27 21:32:17,780 - INFO - (223/314) Page 223
2025-08-27 21:32:17,796 - INFO - (224/314) Page 224
2025-08-27 21:32:17,811 - INFO - (225/314) Page 225
2025-08-27 21:32:17,826 - INFO - (226/314) Page 226
2025-08-27 21:32:17,846 - INFO - (227/314) Page 227
2025-08-27 21:32:17,867 - INFO - (228/314) Page 228
2025-08-27 21:32:17,887 - INFO - (229/314) Page 229
2025-08-27 21:32:17,906 - INFO - (230/314) Page 230
2025-08-27 21:32:17,926 - INFO - (231/314) Page 231
2025-08-27 21:32:17,939 - INFO - (232/314) Page 232
2025-08-27 21:32:18,053 - INFO - (233/314) Page 233
2025-08-27 21:32:18,222 - INFO - (234/314) Page 234
2025-08-27 21:32:18,390 - INFO - (235/314) Page 235
2025-08-27 21:32:18,558 - INFO - (236/314) Page 236
2025-08-27 21:32:18,573 - INFO - (237/314) Page 237
2025-08-27 21:32:18,588 - INFO - (238/314) Page 238
2025-08-27 21:32:18,602 - INFO - (239/314) Page 239
2025-08-27 21:32:18,614 - INFO - (240/314) Page 240
2025-08-27 21:32:18,628 - INFO - (241/314) Page 241
2025-08-27 21:32:18,643 - INFO - (242/314) Page 242
2025-08-27 21:32:18,661 - INFO - (243/314) Page 243
2025-08-27 21:32:18,679 - INFO - (244/314) Page 244
2025-08-27 21:32:18,697 - INFO - (245/314) Page 245
2025-08-27 21:32:18,714 - INFO - (246/314) Page 246
2025-08-27 21:32:18,730 - INFO - (247/314) Page 247
2025-08-27 21:32:18,768 - INFO - (248/314) Page 248
2025-08-27 21:32:18,784 - INFO - (249/314) Page 249
2025-08-27 21:32:18,800 - INFO - (250/314) Page 250
2025-08-27 21:32:18,913 - INFO - (251/314) Page 251
2025-08-27 21:32:18,925 - INFO - (252/314) Page 252
2025-08-27 21:32:18,944 - INFO - (253/314) Page 253
2025-08-27 21:32:19,039 - INFO - (254/314) Page 254
2025-08-27 21:32:19,132 - INFO - (255/314) Page 255
2025-08-27 21:32:19,238 - INFO - (256/314) Page 256
2025-08-27 21:32:19,262 - INFO - (257/314) Page 257
2025-08-27 21:32:19,366 - INFO - (258/314) Page 258
2025-08-27 21:32:19,383 - INFO - (259/314) Page 259
2025-08-27 21:32:19,399 - INFO - (260/314) Page 260
2025-08-27 21:32:19,414 - INFO - (261/314) Page 261
2025-08-27 21:32:19,839 - INFO - (262/314) Page 262
2025-08-27 21:32:20,189 - INFO - (263/314) Page 263
2025-08-27 21:32:20,285 - INFO - (264/314) Page 264
2025-08-27 21:32:20,382 - INFO - (265/314) Page 265
2025-08-27 21:32:20,483 - INFO - (266/314) Page 266
2025-08-27 21:32:20,588 - INFO - (267/314) Page 267
2025-08-27 21:32:20,696 - INFO - (268/314) Page 268
2025-08-27 21:32:20,808 - INFO - (269/314) Page 269
2025-08-27 21:32:20,926 - INFO - (270/314) Page 270
2025-08-27 21:32:21,048 - INFO - (271/314) Page 271
2025-08-27 21:32:21,172 - INFO - (272/314) Page 272
2025-08-27 21:32:21,297 - INFO - (273/314) Page 273
2025-08-27 21:32:21,426 - INFO - (274/314) Page 274
2025-08-27 21:32:21,559 - INFO - (275/314) Page 275
2025-08-27 21:32:21,696 - INFO - (276/314) Page 276
2025-08-27 21:32:21,835 - INFO - (277/314) Page 277
2025-08-27 21:32:21,976 - INFO - (278/314) Page 278
2025-08-27 21:32:22,123 - INFO - (279/314) Page 279
2025-08-27 21:32:22,277 - INFO - (280/314) Page 280
2025-08-27 21:32:22,429 - INFO - (281/314) Page 281
2025-08-27 21:32:22,586 - INFO - (282/314) Page 282
2025-08-27 21:32:22,743 - INFO - (283/314) Page 283
2025-08-27 21:32:22,903 - INFO - (284/314) Page 284
2025-08-27 21:32:23,063 - INFO - (285/314) Page 285
2025-08-27 21:32:23,224 - INFO - (286/314) Page 286
2025-08-27 21:32:23,388 - INFO - (287/314) Page 287
2025-08-27 21:32:23,876 - INFO - (288/314) Page 288
2025-08-27 21:32:24,040 - INFO - (289/314) Page 289
2025-08-27 21:32:24,368 - INFO - (290/314) Page 290
2025-08-27 21:32:24,400 - INFO - (291/314) Page 291
2025-08-27 21:32:24,428 - INFO - (292/314) Page 292
2025-08-27 21:32:24,463 - INFO - (293/314) Page 293
2025-08-27 21:32:24,494 - INFO - (294/314) Page 294
2025-08-27 21:32:24,518 - INFO - (295/314) Page 295
2025-08-27 21:32:24,589 - INFO - (296/314) Page 296
2025-08-27 21:32:24,601 - INFO - (297/314) Page 297
2025-08-27 21:32:24,780 - INFO - (298/314) Page 298
2025-08-27 21:32:24,810 - INFO - (299/314) Page 299
2025-08-27 21:32:24,826 - INFO - (300/314) Page 300
2025-08-27 21:32:24,898 - INFO - (301/314) Page 301
2025-08-27 21:32:24,908 - INFO - (302/314) Page 302
2025-08-27 21:32:24,926 - INFO - (303/314) Page 303
2025-08-27 21:32:24,934 - INFO - (304/314) Page 304
2025-08-27 21:32:24,946 - INFO - (305/314) Page 305
2025-08-27 21:32:24,958 - INFO - (306/314) Page 306
2025-08-27 21:32:24,970 - INFO - (307/314) Page 307
2025-08-27 21:32:24,982 - INFO - (308/314) Page 308
2025-08-27 21:32:24,994 - INFO - (309/314) Page 309
2025-08-27 21:32:25,006 - INFO - (310/314) Page 310
2025-08-27 21:32:25,019 - INFO - (311/314) Page 311
2025-08-27 21:32:25,036 - INFO - (312/314) Page 312
2025-08-27 21:32:25,050 - INFO - (313/314) Page 313
2025-08-27 21:32:25,224 - INFO - (314/314) Page 314
2025-08-27 21:32:34,650 - INFO - Terminated in 80.66s.
2025-08-27 21:32:34,652 - INFO - ✅ 转换成功: 黄冈军训服菁英.docx
2025-08-27 21:32:34,652 - INFO - 📊 文件大小: 286.59 MB
2025-08-27 21:32:34,652 - INFO - ⏱️ 转换耗时: 80.72 秒
2025-08-27 21:46:13,571 - INFO - ✅ pdf2docx库已安装
2025-08-27 21:46:13,607 - INFO - [31m[1mWARNING: This is a development server. Do not use it in a production deployment. Use a production WSGI server instead.[0m
 * Running on all addresses (0.0.0.0)
 * Running on http://127.0.0.1:5000
 * Running on http://192.168.0.104:5000
2025-08-27 21:46:13,607 - INFO - [33mPress CTRL+C to quit[0m
2025-08-27 21:46:13,608 - INFO -  * Restarting with stat
2025-08-27 21:46:14,159 - INFO - ✅ pdf2docx库已安装
2025-08-27 21:46:14,172 - WARNING -  * Debugger is active!
2025-08-27 21:46:14,181 - INFO -  * Debugger PIN: 662-563-323
2025-08-27 21:46:21,930 - INFO - 127.0.0.1 - - [27/Aug/2025 21:46:21] "GET / HTTP/1.1" 200 -
2025-08-27 21:46:22,055 - INFO - 127.0.0.1 - - [27/Aug/2025 21:46:22] "GET /static/style.css HTTP/1.1" 200 -
2025-08-27 21:46:22,069 - INFO - 127.0.0.1 - - [27/Aug/2025 21:46:22] "GET /static/app.js HTTP/1.1" 200 -
2025-08-27 21:46:22,302 - INFO - 127.0.0.1 - - [27/Aug/2025 21:46:22] "[33mGET /favicon.ico HTTP/1.1[0m" 404 -
2025-08-27 21:46:41,105 - INFO - 🔄 开始转换: pdf
2025-08-27 21:46:41,118 - INFO - Start to convert C:\Users\Sunny\AppData\Local\Temp\tmp0o0scdpk\pdf
2025-08-27 21:46:41,118 - INFO - [1;36m[1/4] Opening document...[0m
2025-08-27 21:46:41,119 - INFO - [1;36m[2/4] Analyzing document...[0m
2025-08-27 21:50:30,162 - INFO - ✅ pdf2docx库已安装
2025-08-27 21:50:30,188 - INFO - [31m[1mWARNING: This is a development server. Do not use it in a production deployment. Use a production WSGI server instead.[0m
 * Running on all addresses (0.0.0.0)
 * Running on http://127.0.0.1:5000
 * Running on http://192.168.0.104:5000
2025-08-27 21:50:30,189 - INFO - [33mPress CTRL+C to quit[0m
2025-08-27 21:50:30,190 - INFO -  * Restarting with stat
2025-08-27 21:50:30,668 - INFO - ✅ pdf2docx库已安装
2025-08-27 21:50:30,679 - WARNING -  * Debugger is active!
2025-08-27 21:50:30,686 - INFO -  * Debugger PIN: 662-563-323
2025-08-27 21:50:36,313 - INFO - 127.0.0.1 - - [27/Aug/2025 21:50:36] "GET / HTTP/1.1" 200 -
2025-08-27 21:50:36,466 - INFO - 127.0.0.1 - - [27/Aug/2025 21:50:36] "[36mGET /static/app.js HTTP/1.1[0m" 304 -
2025-08-27 21:50:36,467 - INFO - 127.0.0.1 - - [27/Aug/2025 21:50:36] "[36mGET /static/style.css HTTP/1.1[0m" 304 -
2025-08-27 21:51:52,587 - INFO - ✅ pdf2docx库已安装
2025-08-27 21:51:52,621 - INFO - [31m[1mWARNING: This is a development server. Do not use it in a production deployment. Use a production WSGI server instead.[0m
 * Running on all addresses (0.0.0.0)
 * Running on http://127.0.0.1:5000
 * Running on http://192.168.0.104:5000
2025-08-27 21:51:52,621 - INFO - [33mPress CTRL+C to quit[0m
2025-08-27 21:51:52,622 - INFO -  * Restarting with stat
2025-08-27 21:51:53,078 - INFO - ✅ pdf2docx库已安装
2025-08-27 21:51:53,090 - WARNING -  * Debugger is active!
2025-08-27 21:51:53,097 - INFO -  * Debugger PIN: 662-563-323
2025-08-27 21:51:58,217 - INFO - 127.0.0.1 - - [27/Aug/2025 21:51:58] "GET / HTTP/1.1" 200 -
2025-08-27 21:51:58,342 - INFO - 127.0.0.1 - - [27/Aug/2025 21:51:58] "GET /static/app.js HTTP/1.1" 200 -
2025-08-27 21:51:58,344 - INFO - 127.0.0.1 - - [27/Aug/2025 21:51:58] "GET /static/style.css HTTP/1.1" 200 -
2025-08-27 21:52:00,724 - INFO - 127.0.0.1 - - [27/Aug/2025 21:52:00] "GET / HTTP/1.1" 200 -
2025-08-27 21:52:00,748 - INFO - 127.0.0.1 - - [27/Aug/2025 21:52:00] "[36mGET /static/style.css HTTP/1.1[0m" 304 -
2025-08-27 21:52:00,750 - INFO - 127.0.0.1 - - [27/Aug/2025 21:52:00] "[36mGET /static/app.js HTTP/1.1[0m" 304 -
2025-08-27 21:55:18,871 - INFO - 127.0.0.1 - - [27/Aug/2025 21:55:18] "GET / HTTP/1.1" 200 -
2025-08-27 21:55:18,898 - INFO - 127.0.0.1 - - [27/Aug/2025 21:55:18] "[36mGET /static/style.css HTTP/1.1[0m" 304 -
2025-08-27 21:55:18,901 - INFO - 127.0.0.1 - - [27/Aug/2025 21:55:18] "GET /static/app.js HTTP/1.1" 200 -
2025-08-27 21:55:21,536 - INFO - 127.0.0.1 - - [27/Aug/2025 21:55:21] "GET / HTTP/1.1" 200 -
2025-08-27 21:55:21,560 - INFO - 127.0.0.1 - - [27/Aug/2025 21:55:21] "[36mGET /static/style.css HTTP/1.1[0m" 304 -
2025-08-27 21:55:21,565 - INFO - 127.0.0.1 - - [27/Aug/2025 21:55:21] "[36mGET /static/app.js HTTP/1.1[0m" 304 -
2025-08-27 21:55:22,391 - INFO - 127.0.0.1 - - [27/Aug/2025 21:55:22] "GET / HTTP/1.1" 200 -
2025-08-27 21:55:22,415 - INFO - 127.0.0.1 - - [27/Aug/2025 21:55:22] "[36mGET /static/style.css HTTP/1.1[0m" 304 -
2025-08-27 21:55:22,417 - INFO - 127.0.0.1 - - [27/Aug/2025 21:55:22] "[36mGET /static/app.js HTTP/1.1[0m" 304 -
2025-08-27 21:55:22,822 - INFO - 127.0.0.1 - - [27/Aug/2025 21:55:22] "GET / HTTP/1.1" 200 -
2025-08-27 21:55:22,852 - INFO - 127.0.0.1 - - [27/Aug/2025 21:55:22] "[36mGET /static/style.css HTTP/1.1[0m" 304 -
2025-08-27 21:55:22,855 - INFO - 127.0.0.1 - - [27/Aug/2025 21:55:22] "[36mGET /static/app.js HTTP/1.1[0m" 304 -
2025-08-27 21:55:23,031 - INFO - 127.0.0.1 - - [27/Aug/2025 21:55:23] "GET / HTTP/1.1" 200 -
2025-08-27 21:55:23,086 - INFO - 127.0.0.1 - - [27/Aug/2025 21:55:23] "[36mGET /static/style.css HTTP/1.1[0m" 304 -
2025-08-27 21:55:23,088 - INFO - 127.0.0.1 - - [27/Aug/2025 21:55:23] "[36mGET /static/app.js HTTP/1.1[0m" 304 -
2025-08-27 21:55:23,204 - INFO - 127.0.0.1 - - [27/Aug/2025 21:55:23] "GET / HTTP/1.1" 200 -
2025-08-27 21:55:23,229 - INFO - 127.0.0.1 - - [27/Aug/2025 21:55:23] "[36mGET /static/style.css HTTP/1.1[0m" 304 -
2025-08-27 21:55:23,231 - INFO - 127.0.0.1 - - [27/Aug/2025 21:55:23] "[36mGET /static/app.js HTTP/1.1[0m" 304 -
2025-08-27 21:55:23,626 - INFO - 127.0.0.1 - - [27/Aug/2025 21:55:23] "GET / HTTP/1.1" 200 -
2025-08-27 21:55:23,650 - INFO - 127.0.0.1 - - [27/Aug/2025 21:55:23] "[36mGET /static/style.css HTTP/1.1[0m" 304 -
2025-08-27 21:55:23,656 - INFO - 127.0.0.1 - - [27/Aug/2025 21:55:23] "[36mGET /static/app.js HTTP/1.1[0m" 304 -
2025-08-27 21:55:28,320 - INFO - 🔄 开始转换: pdf
2025-08-27 21:55:28,332 - INFO - Start to convert C:\Users\Sunny\AppData\Local\Temp\tmptdfws_ra\pdf
2025-08-27 21:55:28,332 - INFO - [1;36m[1/4] Opening document...[0m
2025-08-27 21:55:28,333 - INFO - [1;36m[2/4] Analyzing document...[0m
2025-08-27 22:00:07,595 - INFO - ✅ pdf2docx库已安装
2025-08-27 22:00:07,621 - INFO - [31m[1mWARNING: This is a development server. Do not use it in a production deployment. Use a production WSGI server instead.[0m
 * Running on all addresses (0.0.0.0)
 * Running on http://127.0.0.1:5000
 * Running on http://192.168.0.104:5000
2025-08-27 22:00:07,621 - INFO - [33mPress CTRL+C to quit[0m
2025-08-27 22:00:07,622 - INFO -  * Restarting with stat
2025-08-27 22:00:08,074 - INFO - ✅ pdf2docx库已安装
2025-08-27 22:00:08,084 - WARNING -  * Debugger is active!
2025-08-27 22:00:08,092 - INFO -  * Debugger PIN: 662-563-323
2025-08-27 22:00:18,286 - INFO - 127.0.0.1 - - [27/Aug/2025 22:00:18] "GET / HTTP/1.1" 200 -
2025-08-27 22:00:18,413 - INFO - 127.0.0.1 - - [27/Aug/2025 22:00:18] "GET /static/style.css HTTP/1.1" 200 -
2025-08-27 22:00:18,429 - INFO - 127.0.0.1 - - [27/Aug/2025 22:00:18] "[36mGET /static/app.js HTTP/1.1[0m" 304 -
2025-08-27 22:00:20,174 - INFO - 127.0.0.1 - - [27/Aug/2025 22:00:20] "GET / HTTP/1.1" 200 -
2025-08-27 22:00:20,202 - INFO - 127.0.0.1 - - [27/Aug/2025 22:00:20] "[36mGET /static/style.css HTTP/1.1[0m" 304 -
2025-08-27 22:00:20,206 - INFO - 127.0.0.1 - - [27/Aug/2025 22:00:20] "[36mGET /static/app.js HTTP/1.1[0m" 304 -
2025-08-27 22:00:20,719 - INFO - 127.0.0.1 - - [27/Aug/2025 22:00:20] "GET / HTTP/1.1" 200 -
2025-08-27 22:00:20,744 - INFO - 127.0.0.1 - - [27/Aug/2025 22:00:20] "[36mGET /static/style.css HTTP/1.1[0m" 304 -
2025-08-27 22:00:20,745 - INFO - 127.0.0.1 - - [27/Aug/2025 22:00:20] "[36mGET /static/app.js HTTP/1.1[0m" 304 -
2025-08-27 22:00:20,981 - INFO - 127.0.0.1 - - [27/Aug/2025 22:00:20] "GET / HTTP/1.1" 200 -
2025-08-27 22:00:21,009 - INFO - 127.0.0.1 - - [27/Aug/2025 22:00:21] "[36mGET /static/style.css HTTP/1.1[0m" 304 -
2025-08-27 22:00:21,011 - INFO - 127.0.0.1 - - [27/Aug/2025 22:00:21] "[36mGET /static/app.js HTTP/1.1[0m" 304 -
2025-08-27 22:11:30,051 - INFO - 127.0.0.1 - - [27/Aug/2025 22:11:30] "GET / HTTP/1.1" 200 -
2025-08-27 22:11:30,073 - INFO - 127.0.0.1 - - [27/Aug/2025 22:11:30] "[36mGET /static/style.css HTTP/1.1[0m" 304 -
2025-08-27 22:11:30,075 - INFO - 127.0.0.1 - - [27/Aug/2025 22:11:30] "[36mGET /static/app.js HTTP/1.1[0m" 304 -
